<testsuites id="" name="" tests="1" failures="0" skipped="0" errors="0" time="18.490689999999997">
<testsuite name="testSuites/HomePage/HomePage.specs.ts" timestamp="2024-04-19T04:25:44.153Z" hostname="" tests="1" failures="0" skipped="0" time="15.559" errors="0">
<testcase name="TC 40 Verify if the user is able to navigate to prime membership page" classname="testSuites/HomePage/HomePage.specs.ts" time="15.559">
<system-out>
<![CDATA[
[[ATTACHMENT|test-results/testSuites-HomePage-HomePa-3a6ef-te-to-prime-membership-page/trace.zip]]
]]>
</system-out>
</testcase>
</testsuite>
</testsuites>